app/build/intermediates/manifest_merge_blame_file/debug/processDebugMainManifest/manifest-merger-blame-debug-report.txt
1<?xml version="1.0" encoding="utf-8"?>
2<manifest xmlns:android="http://schemas.android.com/apk/res/android"
3    package="com.example.skynie"
4    android:versionCode="1"
5    android:versionName="1.0" >
6
7    <uses-sdk
8        android:minSdkVersion="24"
9        android:targetSdkVersion="36" />
10
11    <queries>
11-->[com.facebook.android:facebook-common:16.3.0] AndroidManifest.xml:17:5-19:15
12        <package android:name="com.facebook.katana" />
12-->[com.facebook.android:facebook-common:16.3.0] AndroidManifest.xml:18:9-55
12-->[com.facebook.android:facebook-common:16.3.0] AndroidManifest.xml:18:18-52
13    </queries>
14
15    <uses-permission android:name="android.permission.INTERNET" />
15-->[com.google.firebase:firebase-auth:24.0.1] AndroidManifest.xml:25:5-67
15-->[com.google.firebase:firebase-auth:24.0.1] AndroidManifest.xml:25:22-64
16    <uses-permission android:name="android.permission.ACCESS_NETWORK_STATE" />
16-->[com.google.firebase:firebase-auth:24.0.1] AndroidManifest.xml:26:5-79
16-->[com.google.firebase:firebase-auth:24.0.1] AndroidManifest.xml:26:22-76
17    <uses-permission android:name="com.google.android.providers.gsf.permission.READ_GSERVICES" />
17-->[com.google.android.recaptcha:recaptcha:18.6.1] AndroidManifest.xml:9:5-98
17-->[com.google.android.recaptcha:recaptcha:18.6.1] AndroidManifest.xml:9:22-95
18    <uses-permission android:name="com.google.android.gms.permission.AD_ID" />
18-->[com.facebook.android:facebook-core:16.3.0] AndroidManifest.xml:16:5-79
18-->[com.facebook.android:facebook-core:16.3.0] AndroidManifest.xml:16:22-76
19
20    <permission
20-->[androidx.core:core:1.18.0] AndroidManifest.xml:22:5-24:47
21        android:name="com.example.skynie.DYNAMIC_RECEIVER_NOT_EXPORTED_PERMISSION"
21-->[androidx.core:core:1.18.0] AndroidManifest.xml:23:9-81
22        android:protectionLevel="signature" />
22-->[androidx.core:core:1.18.0] AndroidManifest.xml:24:9-44
23
24    <uses-permission android:name="com.example.skynie.DYNAMIC_RECEIVER_NOT_EXPORTED_PERMISSION" />
24-->[androidx.core:core:1.18.0] AndroidManifest.xml:26:5-97
24-->[androidx.core:core:1.18.0] AndroidManifest.xml:26:22-94
25    <uses-permission android:name="com.google.android.finsky.permission.BIND_GET_INSTALL_REFERRER_SERVICE" />
25-->[com.android.installreferrer:installreferrer:1.0] AndroidManifest.xml:9:5-110
25-->[com.android.installreferrer:installreferrer:1.0] AndroidManifest.xml:9:22-107
26
27    <application
27-->src\main\AndroidManifest.xml:6:5-100:19
28        android:allowBackup="true"
28-->src\main\AndroidManifest.xml:7:9-35
29        android:appComponentFactory="androidx.core.app.CoreComponentFactory"
29-->[androidx.core:core:1.18.0] AndroidManifest.xml:28:18-86
30        android:dataExtractionRules="@xml/data_extraction_rules"
30-->src\main\AndroidManifest.xml:8:9-65
31        android:debuggable="true"
32        android:extractNativeLibs="false"
33        android:fullBackupContent="@xml/backup_rules"
33-->src\main\AndroidManifest.xml:9:9-54
34        android:icon="@mipmap/ic_launcher"
34-->src\main\AndroidManifest.xml:10:9-43
35        android:label="@string/app_name"
35-->src\main\AndroidManifest.xml:11:9-41
36        android:roundIcon="@mipmap/ic_launcher_round"
36-->src\main\AndroidManifest.xml:13:9-54
37        android:supportsRtl="true"
37-->src\main\AndroidManifest.xml:14:9-35
38        android:testOnly="true"
39        android:theme="@style/Theme.Skynie" >
39-->src\main\AndroidManifest.xml:15:9-44
40        <activity
40-->src\main\AndroidManifest.xml:16:9-18:40
41            android:name="com.example.skynie.views.MainActivity"
41-->src\main\AndroidManifest.xml:17:13-47
42            android:exported="false" />
42-->src\main\AndroidManifest.xml:18:13-37
43        <activity
43-->src\main\AndroidManifest.xml:19:9-21:40
44            android:name="com.example.skynie.views.TrailerActivity"
44-->src\main\AndroidManifest.xml:20:13-50
45            android:exported="false" />
45-->src\main\AndroidManifest.xml:21:13-37
46        <activity android:name="com.example.skynie.views.AllMoviesActivity" />
46-->src\main\AndroidManifest.xml:22:9-61
46-->src\main\AndroidManifest.xml:22:19-58
47        <activity
47-->src\main\AndroidManifest.xml:23:9-25:40
48            android:name="com.example.skynie.views.TicketDetailsActivity"
48-->src\main\AndroidManifest.xml:24:13-56
49            android:exported="false" />
49-->src\main\AndroidManifest.xml:25:13-37
50        <activity
50-->src\main\AndroidManifest.xml:26:9-28:40
51            android:name="com.example.skynie.views.OrderDetailsActivity"
51-->src\main\AndroidManifest.xml:27:13-55
52            android:exported="false" />
52-->src\main\AndroidManifest.xml:28:13-37
53        <activity
53-->src\main\AndroidManifest.xml:29:9-31:40
54            android:name="com.example.skynie.views.SeatsActivity"
54-->src\main\AndroidManifest.xml:30:13-48
55            android:exported="false" />
55-->src\main\AndroidManifest.xml:31:13-37
56        <activity
56-->src\main\AndroidManifest.xml:32:9-34:40
57            android:name="com.example.skynie.views.BookingActivity"
57-->src\main\AndroidManifest.xml:33:13-50
58            android:exported="false" />
58-->src\main\AndroidManifest.xml:34:13-37
59        <activity
59-->src\main\AndroidManifest.xml:35:9-37:40
60            android:name="com.example.skynie.views.FilmDetailsActivity"
60-->src\main\AndroidManifest.xml:36:13-54
61            android:exported="false" />
61-->src\main\AndroidManifest.xml:37:13-37
62        <activity
62-->src\main\AndroidManifest.xml:38:9-40:40
63            android:name="com.example.skynie.views.VerifyOTP_Activity"
63-->src\main\AndroidManifest.xml:39:13-53
64            android:exported="false" />
64-->src\main\AndroidManifest.xml:40:13-37
65        <activity
65-->src\main\AndroidManifest.xml:41:9-43:40
66            android:name="com.example.skynie.views.ForgotPasswordActivity"
66-->src\main\AndroidManifest.xml:42:13-57
67            android:exported="false" />
67-->src\main\AndroidManifest.xml:43:13-37
68        <activity
68-->src\main\AndroidManifest.xml:44:9-46:40
69            android:name="com.example.skynie.views.SignupActivity"
69-->src\main\AndroidManifest.xml:45:13-49
70            android:exported="false" />
70-->src\main\AndroidManifest.xml:46:13-37
71        <activity
71-->src\main\AndroidManifest.xml:47:9-49:40
72            android:name="com.example.skynie.views.LoginActivity"
72-->src\main\AndroidManifest.xml:48:13-48
73            android:exported="false" />
73-->src\main\AndroidManifest.xml:49:13-37
74        <activity
74-->src\main\AndroidManifest.xml:50:9-52:40
75            android:name="com.example.skynie.views.AuthActivity"
75-->src\main\AndroidManifest.xml:51:13-47
76            android:exported="false" />
76-->src\main\AndroidManifest.xml:52:13-37
77        <activity
77-->src\main\AndroidManifest.xml:53:9-55:40
78            android:name="com.example.skynie.views.OnboardingActivity"
78-->src\main\AndroidManifest.xml:54:13-53
79            android:exported="false" />
79-->src\main\AndroidManifest.xml:55:13-37
80        <activity
80-->src\main\AndroidManifest.xml:56:9-64:20
81            android:name="com.example.skynie.views.SplashActivity"
81-->src\main\AndroidManifest.xml:57:13-49
82            android:exported="true" >
82-->src\main\AndroidManifest.xml:58:13-36
83            <intent-filter>
83-->src\main\AndroidManifest.xml:59:13-63:29
84                <action android:name="android.intent.action.MAIN" />
84-->src\main\AndroidManifest.xml:60:17-69
84-->src\main\AndroidManifest.xml:60:25-66
85
86                <category android:name="android.intent.category.LAUNCHER" />
86-->src\main\AndroidManifest.xml:62:17-77
86-->src\main\AndroidManifest.xml:62:27-74
87            </intent-filter>
88        </activity>
89
90        <!-- Facebook App ID -->
91        <meta-data
91-->src\main\AndroidManifest.xml:67:9-69:54
92            android:name="com.facebook.sdk.ApplicationId"
92-->src\main\AndroidManifest.xml:68:13-58
93            android:value="@string/facebook_app_id" />
93-->src\main\AndroidManifest.xml:69:13-52
94
95        <!-- Facebook Client Token -->
96        <meta-data
96-->src\main\AndroidManifest.xml:72:9-74:63
97            android:name="com.facebook.sdk.ClientToken"
97-->src\main\AndroidManifest.xml:73:13-56
98            android:value="2d2634232a19691f7c1014e851e5b1f0" />
98-->src\main\AndroidManifest.xml:74:13-61
99
100        <!-- Facebook Login Activity -->
101        <activity
101-->src\main\AndroidManifest.xml:77:9-80:47
102            android:name="com.facebook.FacebookActivity"
102-->src\main\AndroidManifest.xml:78:13-57
103            android:configChanges="keyboard|keyboardHidden|screenLayout|screenSize|orientation"
103-->src\main\AndroidManifest.xml:79:13-96
104            android:label="@string/app_name"
104-->src\main\AndroidManifest.xml:80:13-45
105            android:theme="@style/com_facebook_activity_theme" />
105-->[com.facebook.android:facebook-common:16.3.0] AndroidManifest.xml:25:13-63
106        <activity
106-->src\main\AndroidManifest.xml:82:9-91:20
107            android:name="com.facebook.CustomTabActivity"
107-->src\main\AndroidManifest.xml:83:13-58
108            android:exported="true" >
108-->src\main\AndroidManifest.xml:84:13-36
109            <intent-filter>
109-->src\main\AndroidManifest.xml:85:13-90:29
110                <action android:name="android.intent.action.VIEW" />
110-->src\main\AndroidManifest.xml:86:17-69
110-->src\main\AndroidManifest.xml:86:25-66
111
112                <category android:name="android.intent.category.DEFAULT" />
112-->src\main\AndroidManifest.xml:87:17-76
112-->src\main\AndroidManifest.xml:87:27-73
113                <category android:name="android.intent.category.BROWSABLE" />
113-->src\main\AndroidManifest.xml:88:17-78
113-->src\main\AndroidManifest.xml:88:27-75
114
115                <data android:scheme="@string/fb_login_protocol_scheme" />
115-->src\main\AndroidManifest.xml:89:17-75
115-->src\main\AndroidManifest.xml:89:23-72
116            </intent-filter>
117            <intent-filter>
117-->[com.facebook.android:facebook-common:16.3.0] AndroidManifest.xml:31:13-40:29
118                <action android:name="android.intent.action.VIEW" />
118-->src\main\AndroidManifest.xml:86:17-69
118-->src\main\AndroidManifest.xml:86:25-66
119
120                <category android:name="android.intent.category.DEFAULT" />
120-->src\main\AndroidManifest.xml:87:17-76
120-->src\main\AndroidManifest.xml:87:27-73
121                <category android:name="android.intent.category.BROWSABLE" />
121-->src\main\AndroidManifest.xml:88:17-78
121-->src\main\AndroidManifest.xml:88:27-75
122
123                <data
123-->src\main\AndroidManifest.xml:89:17-75
124                    android:host="cct.com.example.skynie"
125                    android:scheme="fbconnect" />
125-->src\main\AndroidManifest.xml:89:23-72
126            </intent-filter>
127        </activity>
128
129        <!-- Google Services -->
130        <meta-data
130-->src\main\AndroidManifest.xml:94:9-96:68
131            android:name="com.google.android.gms.version"
131-->src\main\AndroidManifest.xml:95:13-58
132            android:value="@integer/google_play_services_version" />
132-->src\main\AndroidManifest.xml:96:13-66
133
134        <activity android:name="com.facebook.CustomTabMainActivity" />
134-->[com.facebook.android:facebook-common:16.3.0] AndroidManifest.xml:26:9-71
134-->[com.facebook.android:facebook-common:16.3.0] AndroidManifest.xml:26:19-68
135        <activity
135-->[com.google.firebase:firebase-auth:24.0.1] AndroidManifest.xml:29:9-46:20
136            android:name="com.google.firebase.auth.internal.GenericIdpActivity"
136-->[com.google.firebase:firebase-auth:24.0.1] AndroidManifest.xml:30:13-80
137            android:excludeFromRecents="true"
137-->[com.google.firebase:firebase-auth:24.0.1] AndroidManifest.xml:31:13-46
138            android:exported="true"
138-->[com.google.firebase:firebase-auth:24.0.1] AndroidManifest.xml:32:13-36
139            android:launchMode="singleTask"
139-->[com.google.firebase:firebase-auth:24.0.1] AndroidManifest.xml:33:13-44
140            android:theme="@android:style/Theme.Translucent.NoTitleBar" >
140-->[com.google.firebase:firebase-auth:24.0.1] AndroidManifest.xml:34:13-72
141            <intent-filter>
141-->[com.google.firebase:firebase-auth:24.0.1] AndroidManifest.xml:35:13-45:29
142                <action android:name="android.intent.action.VIEW" />
142-->src\main\AndroidManifest.xml:86:17-69
142-->src\main\AndroidManifest.xml:86:25-66
143
144                <category android:name="android.intent.category.DEFAULT" />
144-->src\main\AndroidManifest.xml:87:17-76
144-->src\main\AndroidManifest.xml:87:27-73
145                <category android:name="android.intent.category.BROWSABLE" />
145-->src\main\AndroidManifest.xml:88:17-78
145-->src\main\AndroidManifest.xml:88:27-75
146
147                <data
147-->src\main\AndroidManifest.xml:89:17-75
148                    android:host="firebase.auth"
149                    android:path="/"
150                    android:scheme="genericidp" />
150-->src\main\AndroidManifest.xml:89:23-72
151            </intent-filter>
152        </activity>
153        <activity
153-->[com.google.firebase:firebase-auth:24.0.1] AndroidManifest.xml:47:9-64:20
154            android:name="com.google.firebase.auth.internal.RecaptchaActivity"
154-->[com.google.firebase:firebase-auth:24.0.1] AndroidManifest.xml:48:13-79
155            android:excludeFromRecents="true"
155-->[com.google.firebase:firebase-auth:24.0.1] AndroidManifest.xml:49:13-46
156            android:exported="true"
156-->[com.google.firebase:firebase-auth:24.0.1] AndroidManifest.xml:50:13-36
157            android:launchMode="singleTask"
157-->[com.google.firebase:firebase-auth:24.0.1] AndroidManifest.xml:51:13-44
158            android:theme="@android:style/Theme.Translucent.NoTitleBar" >
158-->[com.google.firebase:firebase-auth:24.0.1] AndroidManifest.xml:52:13-72
159            <intent-filter>
159-->[com.google.firebase:firebase-auth:24.0.1] AndroidManifest.xml:53:13-63:29
160                <action android:name="android.intent.action.VIEW" />
160-->src\main\AndroidManifest.xml:86:17-69
160-->src\main\AndroidManifest.xml:86:25-66
161
162                <category android:name="android.intent.category.DEFAULT" />
162-->src\main\AndroidManifest.xml:87:17-76
162-->src\main\AndroidManifest.xml:87:27-73
163                <category android:name="android.intent.category.BROWSABLE" />
163-->src\main\AndroidManifest.xml:88:17-78
163-->src\main\AndroidManifest.xml:88:27-75
164
165                <data
165-->src\main\AndroidManifest.xml:89:17-75
166                    android:host="firebase.auth"
167                    android:path="/"
168                    android:scheme="recaptcha" />
168-->src\main\AndroidManifest.xml:89:23-72
169            </intent-filter>
170        </activity>
171
172        <service
172-->[com.google.firebase:firebase-auth:24.0.1] AndroidManifest.xml:66:9-72:19
173            android:name="com.google.firebase.components.ComponentDiscoveryService"
173-->[com.google.firebase:firebase-auth:24.0.1] AndroidManifest.xml:67:13-84
174            android:directBootAware="true"
174-->[com.google.firebase:firebase-common:22.0.1] AndroidManifest.xml:32:13-43
175            android:exported="false" >
175-->[com.google.firebase:firebase-auth:24.0.1] AndroidManifest.xml:68:13-37
176            <meta-data
176-->[com.google.firebase:firebase-auth:24.0.1] AndroidManifest.xml:69:13-71:85
177                android:name="com.google.firebase.components:com.google.firebase.auth.FirebaseAuthRegistrar"
177-->[com.google.firebase:firebase-auth:24.0.1] AndroidManifest.xml:70:17-109
178                android:value="com.google.firebase.components.ComponentRegistrar" />
178-->[com.google.firebase:firebase-auth:24.0.1] AndroidManifest.xml:71:17-82
179            <meta-data
179-->[com.google.firebase:firebase-database:22.0.1] AndroidManifest.xml:29:13-31:85
180                android:name="com.google.firebase.components:com.google.firebase.database.FirebaseDatabaseKtxRegistrar"
180-->[com.google.firebase:firebase-database:22.0.1] AndroidManifest.xml:30:17-120
181                android:value="com.google.firebase.components.ComponentRegistrar" />
181-->[com.google.firebase:firebase-database:22.0.1] AndroidManifest.xml:31:17-82
182            <meta-data
182-->[com.google.firebase:firebase-database:22.0.1] AndroidManifest.xml:32:13-34:85
183                android:name="com.google.firebase.components:com.google.firebase.database.DatabaseRegistrar"
183-->[com.google.firebase:firebase-database:22.0.1] AndroidManifest.xml:33:17-109
184                android:value="com.google.firebase.components.ComponentRegistrar" />
184-->[com.google.firebase:firebase-database:22.0.1] AndroidManifest.xml:34:17-82
185            <meta-data
185-->[com.google.firebase:firebase-common:22.0.1] AndroidManifest.xml:35:13-37:85
186                android:name="com.google.firebase.components:com.google.firebase.FirebaseCommonKtxRegistrar"
186-->[com.google.firebase:firebase-common:22.0.1] AndroidManifest.xml:36:17-109
187                android:value="com.google.firebase.components.ComponentRegistrar" />
187-->[com.google.firebase:firebase-common:22.0.1] AndroidManifest.xml:37:17-82
188        </service>
189        <service
189-->[androidx.credentials:credentials-play-services-auth:1.2.0-rc01] AndroidManifest.xml:24:9-32:19
190            android:name="androidx.credentials.playservices.CredentialProviderMetadataHolder"
190-->[androidx.credentials:credentials-play-services-auth:1.2.0-rc01] AndroidManifest.xml:25:13-94
191            android:enabled="true"
191-->[androidx.credentials:credentials-play-services-auth:1.2.0-rc01] AndroidManifest.xml:26:13-35
192            android:exported="false" >
192-->[androidx.credentials:credentials-play-services-auth:1.2.0-rc01] AndroidManifest.xml:27:13-37
193            <meta-data
193-->[androidx.credentials:credentials-play-services-auth:1.2.0-rc01] AndroidManifest.xml:29:13-31:104
194                android:name="androidx.credentials.CREDENTIAL_PROVIDER_KEY"
194-->[androidx.credentials:credentials-play-services-auth:1.2.0-rc01] AndroidManifest.xml:30:17-76
195                android:value="androidx.credentials.playservices.CredentialProviderPlayServicesImpl" />
195-->[androidx.credentials:credentials-play-services-auth:1.2.0-rc01] AndroidManifest.xml:31:17-101
196        </service>
197
198        <activity
198-->[androidx.credentials:credentials-play-services-auth:1.2.0-rc01] AndroidManifest.xml:34:9-41:20
199            android:name="androidx.credentials.playservices.HiddenActivity"
199-->[androidx.credentials:credentials-play-services-auth:1.2.0-rc01] AndroidManifest.xml:35:13-76
200            android:configChanges="orientation|screenSize|screenLayout|keyboardHidden"
200-->[androidx.credentials:credentials-play-services-auth:1.2.0-rc01] AndroidManifest.xml:36:13-87
201            android:enabled="true"
201-->[androidx.credentials:credentials-play-services-auth:1.2.0-rc01] AndroidManifest.xml:37:13-35
202            android:exported="false"
202-->[androidx.credentials:credentials-play-services-auth:1.2.0-rc01] AndroidManifest.xml:38:13-37
203            android:fitsSystemWindows="true"
203-->[androidx.credentials:credentials-play-services-auth:1.2.0-rc01] AndroidManifest.xml:39:13-45
204            android:theme="@style/Theme.Hidden" >
204-->[androidx.credentials:credentials-play-services-auth:1.2.0-rc01] AndroidManifest.xml:40:13-48
205        </activity>
206        <activity
206-->[com.google.android.gms:play-services-auth:20.7.0] AndroidManifest.xml:23:9-27:75
207            android:name="com.google.android.gms.auth.api.signin.internal.SignInHubActivity"
207-->[com.google.android.gms:play-services-auth:20.7.0] AndroidManifest.xml:24:13-93
208            android:excludeFromRecents="true"
208-->[com.google.android.gms:play-services-auth:20.7.0] AndroidManifest.xml:25:13-46
209            android:exported="false"
209-->[com.google.android.gms:play-services-auth:20.7.0] AndroidManifest.xml:26:13-37
210            android:theme="@android:style/Theme.Translucent.NoTitleBar" />
210-->[com.google.android.gms:play-services-auth:20.7.0] AndroidManifest.xml:27:13-72
211        <!--
212            Service handling Google Sign-In user revocation. For apps that do not integrate with
213            Google Sign-In, this service will never be started.
214        -->
215        <service
215-->[com.google.android.gms:play-services-auth:20.7.0] AndroidManifest.xml:33:9-37:51
216            android:name="com.google.android.gms.auth.api.signin.RevocationBoundService"
216-->[com.google.android.gms:play-services-auth:20.7.0] AndroidManifest.xml:34:13-89
217            android:exported="true"
217-->[com.google.android.gms:play-services-auth:20.7.0] AndroidManifest.xml:35:13-36
218            android:permission="com.google.android.gms.auth.api.signin.permission.REVOCATION_NOTIFICATION"
218-->[com.google.android.gms:play-services-auth:20.7.0] AndroidManifest.xml:36:13-107
219            android:visibleToInstantApps="true" />
219-->[com.google.android.gms:play-services-auth:20.7.0] AndroidManifest.xml:37:13-48
220
221        <provider
221-->[com.google.firebase:firebase-common:22.0.1] AndroidManifest.xml:23:9-28:39
222            android:name="com.google.firebase.provider.FirebaseInitProvider"
222-->[com.google.firebase:firebase-common:22.0.1] AndroidManifest.xml:24:13-77
223            android:authorities="com.example.skynie.firebaseinitprovider"
223-->[com.google.firebase:firebase-common:22.0.1] AndroidManifest.xml:25:13-72
224            android:directBootAware="true"
224-->[com.google.firebase:firebase-common:22.0.1] AndroidManifest.xml:26:13-43
225            android:exported="false"
225-->[com.google.firebase:firebase-common:22.0.1] AndroidManifest.xml:27:13-37
226            android:initOrder="100" />
226-->[com.google.firebase:firebase-common:22.0.1] AndroidManifest.xml:28:13-36
227
228        <activity
228-->[com.google.android.gms:play-services-base:18.5.0] AndroidManifest.xml:5:9-173
229            android:name="com.google.android.gms.common.api.GoogleApiActivity"
229-->[com.google.android.gms:play-services-base:18.5.0] AndroidManifest.xml:5:19-85
230            android:exported="false"
230-->[com.google.android.gms:play-services-base:18.5.0] AndroidManifest.xml:5:146-170
231            android:theme="@android:style/Theme.Translucent.NoTitleBar" />
231-->[com.google.android.gms:play-services-base:18.5.0] AndroidManifest.xml:5:86-145
232
233        <provider
233-->[androidx.emoji2:emoji2:1.3.0] AndroidManifest.xml:24:9-32:20
234            android:name="androidx.startup.InitializationProvider"
234-->[androidx.emoji2:emoji2:1.3.0] AndroidManifest.xml:25:13-67
235            android:authorities="com.example.skynie.androidx-startup"
235-->[androidx.emoji2:emoji2:1.3.0] AndroidManifest.xml:26:13-68
236            android:exported="false" >
236-->[androidx.emoji2:emoji2:1.3.0] AndroidManifest.xml:27:13-37
237            <meta-data
237-->[androidx.emoji2:emoji2:1.3.0] AndroidManifest.xml:29:13-31:52
238                android:name="androidx.emoji2.text.EmojiCompatInitializer"
238-->[androidx.emoji2:emoji2:1.3.0] AndroidManifest.xml:30:17-75
239                android:value="androidx.startup" />
239-->[androidx.emoji2:emoji2:1.3.0] AndroidManifest.xml:31:17-49
240            <meta-data
240-->[androidx.lifecycle:lifecycle-process:2.6.2] AndroidManifest.xml:29:13-31:52
241                android:name="androidx.lifecycle.ProcessLifecycleInitializer"
241-->[androidx.lifecycle:lifecycle-process:2.6.2] AndroidManifest.xml:30:17-78
242                android:value="androidx.startup" />
242-->[androidx.lifecycle:lifecycle-process:2.6.2] AndroidManifest.xml:31:17-49
243            <meta-data
243-->[androidx.profileinstaller:profileinstaller:1.4.0] AndroidManifest.xml:29:13-31:52
244                android:name="androidx.profileinstaller.ProfileInstallerInitializer"
244-->[androidx.profileinstaller:profileinstaller:1.4.0] AndroidManifest.xml:30:17-85
245                android:value="androidx.startup" />
245-->[androidx.profileinstaller:profileinstaller:1.4.0] AndroidManifest.xml:31:17-49
246        </provider>
247        <!--
248         The initialization ContentProvider will call FacebookSdk.sdkInitialize automatically
249         with the application context. This config is merged in with the host app's manifest,
250         but there can only be one provider with the same authority activated at any given
251         point; so if the end user has two or more different apps that use Facebook SDK, only the
252         first one will be able to use the provider. To work around this problem, we use the
253         following placeholder in the authority to identify each host application as if it was
254         a completely different provider.
255        -->
256        <provider
256-->[com.facebook.android:facebook-core:16.3.0] AndroidManifest.xml:29:9-32:40
257            android:name="com.facebook.internal.FacebookInitProvider"
257-->[com.facebook.android:facebook-core:16.3.0] AndroidManifest.xml:30:13-70
258            android:authorities="com.example.skynie.FacebookInitProvider"
258-->[com.facebook.android:facebook-core:16.3.0] AndroidManifest.xml:31:13-72
259            android:exported="false" />
259-->[com.facebook.android:facebook-core:16.3.0] AndroidManifest.xml:32:13-37
260
261        <receiver
261-->[com.facebook.android:facebook-core:16.3.0] AndroidManifest.xml:34:9-40:20
262            android:name="com.facebook.CurrentAccessTokenExpirationBroadcastReceiver"
262-->[com.facebook.android:facebook-core:16.3.0] AndroidManifest.xml:35:13-86
263            android:exported="false" >
263-->[com.facebook.android:facebook-core:16.3.0] AndroidManifest.xml:36:13-37
264            <intent-filter>
264-->[com.facebook.android:facebook-core:16.3.0] AndroidManifest.xml:37:13-39:29
265                <action android:name="com.facebook.sdk.ACTION_CURRENT_ACCESS_TOKEN_CHANGED" />
265-->[com.facebook.android:facebook-core:16.3.0] AndroidManifest.xml:38:17-95
265-->[com.facebook.android:facebook-core:16.3.0] AndroidManifest.xml:38:25-92
266            </intent-filter>
267        </receiver>
268        <receiver
268-->[com.facebook.android:facebook-core:16.3.0] AndroidManifest.xml:41:9-47:20
269            android:name="com.facebook.AuthenticationTokenManager$CurrentAuthenticationTokenChangedBroadcastReceiver"
269-->[com.facebook.android:facebook-core:16.3.0] AndroidManifest.xml:42:13-118
270            android:exported="false" >
270-->[com.facebook.android:facebook-core:16.3.0] AndroidManifest.xml:43:13-37
271            <intent-filter>
271-->[com.facebook.android:facebook-core:16.3.0] AndroidManifest.xml:44:13-46:29
272                <action android:name="com.facebook.sdk.ACTION_CURRENT_AUTHENTICATION_TOKEN_CHANGED" />
272-->[com.facebook.android:facebook-core:16.3.0] AndroidManifest.xml:45:17-103
272-->[com.facebook.android:facebook-core:16.3.0] AndroidManifest.xml:45:25-100
273            </intent-filter>
274        </receiver>
275        <receiver
275-->[androidx.profileinstaller:profileinstaller:1.4.0] AndroidManifest.xml:34:9-52:20
276            android:name="androidx.profileinstaller.ProfileInstallReceiver"
276-->[androidx.profileinstaller:profileinstaller:1.4.0] AndroidManifest.xml:35:13-76
277            android:directBootAware="false"
277-->[androidx.profileinstaller:profileinstaller:1.4.0] AndroidManifest.xml:36:13-44
278            android:enabled="true"
278-->[androidx.profileinstaller:profileinstaller:1.4.0] AndroidManifest.xml:37:13-35
279            android:exported="true"
279-->[androidx.profileinstaller:profileinstaller:1.4.0] AndroidManifest.xml:38:13-36
280            android:permission="android.permission.DUMP" >
280-->[androidx.profileinstaller:profileinstaller:1.4.0] AndroidManifest.xml:39:13-57
281            <intent-filter>
281-->[androidx.profileinstaller:profileinstaller:1.4.0] AndroidManifest.xml:40:13-42:29
282                <action android:name="androidx.profileinstaller.action.INSTALL_PROFILE" />
282-->[androidx.profileinstaller:profileinstaller:1.4.0] AndroidManifest.xml:41:17-91
282-->[androidx.profileinstaller:profileinstaller:1.4.0] AndroidManifest.xml:41:25-88
283            </intent-filter>
284            <intent-filter>
284-->[androidx.profileinstaller:profileinstaller:1.4.0] AndroidManifest.xml:43:13-45:29
285                <action android:name="androidx.profileinstaller.action.SKIP_FILE" />
285-->[androidx.profileinstaller:profileinstaller:1.4.0] AndroidManifest.xml:44:17-85
285-->[androidx.profileinstaller:profileinstaller:1.4.0] AndroidManifest.xml:44:25-82
286            </intent-filter>
287            <intent-filter>
287-->[androidx.profileinstaller:profileinstaller:1.4.0] AndroidManifest.xml:46:13-48:29
288                <action android:name="androidx.profileinstaller.action.SAVE_PROFILE" />
288-->[androidx.profileinstaller:profileinstaller:1.4.0] AndroidManifest.xml:47:17-88
288-->[androidx.profileinstaller:profileinstaller:1.4.0] AndroidManifest.xml:47:25-85
289            </intent-filter>
290            <intent-filter>
290-->[androidx.profileinstaller:profileinstaller:1.4.0] AndroidManifest.xml:49:13-51:29
291                <action android:name="androidx.profileinstaller.action.BENCHMARK_OPERATION" />
291-->[androidx.profileinstaller:profileinstaller:1.4.0] AndroidManifest.xml:50:17-95
291-->[androidx.profileinstaller:profileinstaller:1.4.0] AndroidManifest.xml:50:25-92
292            </intent-filter>
293        </receiver> <!-- The activities will be merged into the manifest of the hosting app. -->
294        <activity
294-->[com.google.android.play:core-common:2.0.3] AndroidManifest.xml:14:9-18:65
295            android:name="com.google.android.play.core.common.PlayCoreDialogWrapperActivity"